<?xml version="1.0" encoding="UTF-8"?>
<testsuites name="Test Suite 3" time="21.326" tests="2" failures="0" errors="0">
   <testsuite name="Test Suite 3" tests="2" failures="0" errors="0" time="21.326" skipped="0" timestamp="2023-06-12 17:46:43" hostname="4817 - XCVDI-CTX210.xipl.local" id="Test Suites/Test Suite 3">
      <properties>
         <property name="deviceName" value=""/>
         <property name="devicePlatform" value=""/>
         <property name="logFolder" value="C:\\Users\\4817\\Katalon Studio\\My First Web UI Project\\Reports\\20230612_174638\\Test Suite 3\\20230612_174638"/>
         <property name="logFiles" value="C:\\Users\\4817\\Katalon Studio\\My First Web UI Project\\Reports\\20230612_174638\\Test Suite 3\\20230612_174638\\execution0.log"/>
         <property name="attachments" value=""/>
         <property name="hostName" value="4817 - XCVDI-CTX210.xipl.local"/>
         <property name="os" value="Windows 10 64bit"/>
         <property name="katalonVersion" value="8.6.5.208"/>
         <property name="browser" value="Chrome 114.0.0.0"/>
         <property name="hostAddress" value="10.210.44.46"/>
         <property name="sessionId" value="2b683cdf18982c0624a59cc1f581ecba"/>
         <property name="seleniumVersion" value="3.141.59"/>
         <property name="proxyInformation" value="ProxyInformation { proxyOption=NO_PROXY, proxyServerType=HTTP, username=, password=********, proxyServerAddress=, proxyServerPort=0, executionList=&quot;&quot;, isApplyToDesiredCapabilities=true }"/>
         <property name="platform" value="Windows 10"/>
      </properties>
      <testcase name="Test Cases/GetUser" time="5.3" classname="Test Cases/GetUser" status="PASSED">
         <system-out><![CDATA[2023-06-12 17:46:44 - [TEST_CASE][PASSED] - Test Cases/GetUser: Test Cases/GetUser

2023-06-12 17:46:45 - [TEST_STEP][PASSED] - requestObject = findTestObject("APIServiceRequest"): null

2023-06-12 17:46:45 - [TEST_STEP][PASSED] - jsonslurper = new groovy.json.JsonSlurper(): null

2023-06-12 17:46:45 - [TEST_STEP][PASSED] - conTentType = new com.kms.katalon.core.testobject.TestObjectProperty(Content-Type, com.kms.katalon.core.testobject.ConditionType.EQUALS, application/json): null

2023-06-12 17:46:45 - [TEST_STEP][PASSED] - acceptHeader = new com.kms.katalon.core.testobject.TestObjectProperty(Accept, com.kms.katalon.core.testobject.ConditionType.EQUALS, application/json): null

2023-06-12 17:46:45 - [TEST_STEP][PASSED] - requestObject.setHttpHeaderProperties(Arrays.asList(conTentType, acceptHeader)): null

2023-06-12 17:46:46 - [TEST_STEP][PASSED] - responseObject = sendRequest(requestObject): Send request successfully

2023-06-12 17:46:49 - [MESSAGE][INFO] - HAR: C:\Users\4817\Katalon Studio\My First Web UI Project\Reports\20230612_174638\Test Suite 3\20230612_174638\requests\main\0.har

2023-06-12 17:46:49 - [MESSAGE][PASSED] - Send request successfully

2023-06-12 17:46:49 - [TEST_STEP][PASSED] - responsevalue = jsonslurper.parseText(responseObject.getResponseText()): null

2023-06-12 17:46:49 - [TEST_STEP][PASSED] - Assert.assertEquals(200, responseObject.getStatusCode()): null

2023-06-12 17:46:49 - [TEST_STEP][PASSED] - println("Status Code " + responseObject.getStatusCode()): null

2023-06-12 17:46:49 - [TEST_STEP][PASSED] - println("responsevalue " + responsevalue): null]]></system-out>
         <system-err><![CDATA[]]></system-err>
      </testcase>
      <testcase name="Test Cases/Sauce-WebApp-Automation" time="15.253" classname="Test Cases/Sauce-WebApp-Automation" status="PASSED">
         <system-out><![CDATA[2023-06-12 17:46:49 - [TEST_CASE][PASSED] - Test Cases/Sauce-WebApp-Automation: Test Cases/Sauce-WebApp-Automation

2023-06-12 17:46:50 - [TEST_STEP][PASSED] - openBrowser(""): Browser is opened with url: ''

2023-06-12 17:46:50 - [MESSAGE][INFO] - Starting 'Chrome' driver

2023-06-12 17:46:51 - [MESSAGE][INFO] - Action delay is set to 0 milliseconds

2023-06-12 17:46:55 - [MESSAGE][PASSED] - Browser is opened with url: ''

2023-06-12 17:46:55 - [TEST_STEP][PASSED] - navigateToUrl("https://www.saucedemo.com/"): Navigate to 'https://www.saucedemo.com/' successfully

2023-06-12 17:46:56 - [MESSAGE][PASSED] - Navigate to 'https://www.saucedemo.com/' successfully

2023-06-12 17:46:56 - [TEST_STEP][PASSED] - setText(findTestObject("Object Repository/SauceDemo-ObjectRepo-1/Page_Swag Labs/input_Swag Labs_user-name"), "standard_user"): Text 'standard_user' is set on object 'Object Repository/SauceDemo-ObjectRepo-1/Page_Swag Labs/input_Swag Labs_user-name'

2023-06-12 17:46:57 - [MESSAGE][PASSED] - Text 'standard_user' is set on object 'Object Repository/SauceDemo-ObjectRepo-1/Page_Swag Labs/input_Swag Labs_user-name'

2023-06-12 17:46:57 - [TEST_STEP][PASSED] - setEncryptedText(findTestObject("Object Repository/SauceDemo-ObjectRepo-1/Page_Swag Labs/input_Swag Labs_password"), "qcu24s4901FyWDTwXGr6XA=="): Text ****** has been set on object 'Object Repository/SauceDemo-ObjectRepo-1/Page_Swag Labs/input_Swag Labs_password'

2023-06-12 17:46:58 - [MESSAGE][PASSED] - Text ****** has been set on object 'Object Repository/SauceDemo-ObjectRepo-1/Page_Swag Labs/input_Swag Labs_password'

2023-06-12 17:46:58 - [TEST_STEP][PASSED] - click(findTestObject("Object Repository/SauceDemo-ObjectRepo-1/Page_Swag Labs/input_Swag Labs_login-button")): Object: 'Object Repository/SauceDemo-ObjectRepo-1/Page_Swag Labs/input_Swag Labs_login-button' is clicked on

2023-06-12 17:46:59 - [MESSAGE][PASSED] - Object: 'Object Repository/SauceDemo-ObjectRepo-1/Page_Swag Labs/input_Swag Labs_login-button' is clicked on

2023-06-12 17:46:59 - [TEST_STEP][PASSED] - click(findTestObject("Object Repository/SauceDemo-ObjectRepo-1/Page_Swag Labs/button_Add to cart")): Object: 'Object Repository/SauceDemo-ObjectRepo-1/Page_Swag Labs/button_Add to cart' is clicked on

2023-06-12 17:46:59 - [MESSAGE][PASSED] - Object: 'Object Repository/SauceDemo-ObjectRepo-1/Page_Swag Labs/button_Add to cart' is clicked on

2023-06-12 17:46:59 - [TEST_STEP][PASSED] - click(findTestObject("Object Repository/SauceDemo-ObjectRepo-1/Page_Swag Labs/button_Add to cart_1")): Object: 'Object Repository/SauceDemo-ObjectRepo-1/Page_Swag Labs/button_Add to cart_1' is clicked on

2023-06-12 17:47:00 - [MESSAGE][PASSED] - Object: 'Object Repository/SauceDemo-ObjectRepo-1/Page_Swag Labs/button_Add to cart_1' is clicked on

2023-06-12 17:47:00 - [TEST_STEP][PASSED] - click(findTestObject("Object Repository/SauceDemo-ObjectRepo-1/Page_Swag Labs/img_Remove_inventory_item_img")): Object: 'Object Repository/SauceDemo-ObjectRepo-1/Page_Swag Labs/img_Remove_inventory_item_img' is clicked on

2023-06-12 17:47:01 - [MESSAGE][PASSED] - Object: 'Object Repository/SauceDemo-ObjectRepo-1/Page_Swag Labs/img_Remove_inventory_item_img' is clicked on

2023-06-12 17:47:01 - [TEST_STEP][PASSED] - click(findTestObject("Object Repository/SauceDemo-ObjectRepo-1/Page_Swag Labs/button_Add to cart_1_2")): Object: 'Object Repository/SauceDemo-ObjectRepo-1/Page_Swag Labs/button_Add to cart_1_2' is clicked on

2023-06-12 17:47:02 - [MESSAGE][PASSED] - Object: 'Object Repository/SauceDemo-ObjectRepo-1/Page_Swag Labs/button_Add to cart_1_2' is clicked on

2023-06-12 17:47:02 - [TEST_STEP][PASSED] - click(findTestObject("Object Repository/SauceDemo-ObjectRepo-1/Page_Swag Labs/img_Back to products_back-image")): Object: 'Object Repository/SauceDemo-ObjectRepo-1/Page_Swag Labs/img_Back to products_back-image' is clicked on

2023-06-12 17:47:02 - [MESSAGE][PASSED] - Object: 'Object Repository/SauceDemo-ObjectRepo-1/Page_Swag Labs/img_Back to products_back-image' is clicked on

2023-06-12 17:47:02 - [TEST_STEP][PASSED] - click(findTestObject("Object Repository/SauceDemo-ObjectRepo-1/Page_Swag Labs/button_Open Menu")): Object: 'Object Repository/SauceDemo-ObjectRepo-1/Page_Swag Labs/button_Open Menu' is clicked on

2023-06-12 17:47:03 - [MESSAGE][PASSED] - Object: 'Object Repository/SauceDemo-ObjectRepo-1/Page_Swag Labs/button_Open Menu' is clicked on

2023-06-12 17:47:03 - [TEST_STEP][PASSED] - click(findTestObject("Object Repository/SauceDemo-ObjectRepo-1/Page_Swag Labs/a_Logout")): Object: 'Object Repository/SauceDemo-ObjectRepo-1/Page_Swag Labs/a_Logout' is clicked on

2023-06-12 17:47:03 - [MESSAGE][PASSED] - Object: 'Object Repository/SauceDemo-ObjectRepo-1/Page_Swag Labs/a_Logout' is clicked on

2023-06-12 17:47:03 - [TEST_STEP][PASSED] - closeBrowser(): Browser is closed

2023-06-12 17:47:04 - [MESSAGE][PASSED] - Browser is closed]]></system-out>
         <system-err><![CDATA[]]></system-err>
      </testcase>
      <system-out><![CDATA[2023-06-12 17:46:43 - [TEST_SUITE][PASSED] - Test Suite 3: Test Cases/Sauce-WebApp-Automation]]></system-out>
      <system-err><![CDATA[]]></system-err>
   </testsuite>
</testsuites>
